<?xml version="1.0" ?>
<coverage version="7.4.0" line-rate="0.72" branch-rate="0.5" timestamp="1700000000">
  <packages>
    <package name="vitals" line-rate="0.61">
      <classes>
        <class name="dosage_calculator.py" filename="vitals/dosage_calculator.py" line-rate="0.61">
          <lines>
            <line number="1" hits="1"/>
            <line number="2" hits="0"/>
          </lines>
        </class>
      </classes>
    </package>
    <package name="patient_data" line-rate="0.45">
      <classes>
        <class name="pipeline.py" filename="patient_data/pipeline.py" line-rate="0.45">
          <lines>
            <line number="1" hits="1"/>
            <line number="2" hits="0"/>
          </lines>
        </class>
        <class name="encryption.py" filename="patient_data/encryption.py" line-rate="0.50">
          <lines>
            <line number="1" hits="1"/>
          </lines>
        </class>
      </classes>
    </package>
    <package name="api" line-rate="0.85">
      <classes>
        <class name="patient_search.py" filename="api/endpoints/patient_search.py" line-rate="0.85">
          <lines>
            <line number="1" hits="1"/>
          </lines>
        </class>
      </classes>
    </package>
  </packages>
</coverage>
